빌드 시작: 2015-02-09 오전 1:19:42
     1>2 노드의 "D:\OpenCL\Practice\prac1\prac1.vcxproj" 프로젝트(Build 대상)입니다.
     1>Link:
         C:\Program Files (x86)\Microsoft Visual Studio 12.0\VC\bin\link.exe /ERRORREPORT:PROMPT /OUT:"D:\OpenCL\Practice\prac1\Debug\prac1.exe" /INCREMENTAL /NOLOGO /LIBPATH:"C:\Program Files (x86)\AMD APP SDK\2.9-1\lib\x86_64" /LIBPATH:"C:\Program Files (x86)\AMD APP SDK\2.9-1\include" GlAux.Lib glew64.lib glut64.lib OpenCL.lib kernel32.lib user32.lib gdi32.lib winspool.lib comdlg32.lib advapi32.lib shell32.lib ole32.lib oleaut32.lib uuid.lib odbc32.lib odbccp32.lib /MANIFEST /MANIFESTUAC:"level='asInvoker' uiAccess='false'" /manifest:embed /DEBUG /PDB:"D:\OpenCL\Practice\prac1\Debug\prac1.pdb" /SUBSYSTEM:CONSOLE /TLBID:1 /DYNAMICBASE /NXCOMPAT /IMPLIB:"D:\OpenCL\Practice\prac1\Debug\prac1.lib" /MACHINE:X86 Debug\prac1.obj
         Debug\stdafx.obj
         "Debug\소스.obj"
     1>LINK : warning LNK4067: 진입점이 모호합니다. 'mainCRTStartup'이(가) 선택됩니다.
     1>소스.obj : error LNK2019: _clGetPlatformIDs@12 외부 기호(참조 위치: _main 함수)에서 확인하지 못했습니다.
     1>소스.obj : error LNK2019: _clGetDeviceIDs@24 외부 기호(참조 위치: _main 함수)에서 확인하지 못했습니다.
     1>소스.obj : error LNK2019: _clCreateContext@24 외부 기호(참조 위치: _main 함수)에서 확인하지 못했습니다.
     1>소스.obj : error LNK2019: _clReleaseContext@4 외부 기호(참조 위치: _main 함수)에서 확인하지 못했습니다.
     1>소스.obj : error LNK2019: _clCreateCommandQueue@20 외부 기호(참조 위치: _main 함수)에서 확인하지 못했습니다.
     1>소스.obj : error LNK2019: _clReleaseCommandQueue@4 외부 기호(참조 위치: _main 함수)에서 확인하지 못했습니다.
     1>소스.obj : error LNK2019: _clCreateBuffer@24 외부 기호(참조 위치: _main 함수)에서 확인하지 못했습니다.
     1>소스.obj : error LNK2019: _clReleaseMemObject@4 외부 기호(참조 위치: _main 함수)에서 확인하지 못했습니다.
     1>소스.obj : error LNK2019: _clCreateProgramWithSource@20 외부 기호(참조 위치: _main 함수)에서 확인하지 못했습니다.
     1>소스.obj : error LNK2019: _clReleaseProgram@4 외부 기호(참조 위치: _main 함수)에서 확인하지 못했습니다.
     1>소스.obj : error LNK2019: _clBuildProgram@24 외부 기호(참조 위치: _main 함수)에서 확인하지 못했습니다.
     1>소스.obj : error LNK2019: _clCreateKernel@12 외부 기호(참조 위치: _main 함수)에서 확인하지 못했습니다.
     1>소스.obj : error LNK2019: _clReleaseKernel@4 외부 기호(참조 위치: _main 함수)에서 확인하지 못했습니다.
     1>소스.obj : error LNK2019: _clSetKernelArg@16 외부 기호(참조 위치: _main 함수)에서 확인하지 못했습니다.
     1>소스.obj : error LNK2019: _clEnqueueReadBuffer@36 외부 기호(참조 위치: _main 함수)에서 확인하지 못했습니다.
     1>소스.obj : error LNK2019: _clEnqueueWriteBuffer@36 외부 기호(참조 위치: _main 함수)에서 확인하지 못했습니다.
     1>소스.obj : error LNK2019: _clEnqueueNDRangeKernel@36 외부 기호(참조 위치: _main 함수)에서 확인하지 못했습니다.
     1>D:\OpenCL\Practice\prac1\Debug\prac1.exe : fatal error LNK1120: 17개의 확인할 수 없는 외부 참조입니다.
     1>"D:\OpenCL\Practice\prac1\prac1.vcxproj" 프로젝트를 빌드했습니다(Build 대상). - 실패

빌드하지 못했습니다.

경과 시간: 00:00:00.57
