빌드 시작: 2015-02-17 오전 2:39:36
     1>2 노드의 "D:\OpenCL\Practice\Prac3_Image_rotation_C++\Prac3_Image_rotation_C++.vcxproj" 프로젝트(Build 대상)입니다.
     1>ClCompile:
         C:\Program Files (x86)\Microsoft Visual Studio 12.0\VC\bin\CL.exe /c /I"C:\Program Files (x86)\AMD APP SDK\2.9-1\include" /ZI /nologo /W3 /WX- /sdl /Od /Oy- /D WIN32 /D _DEBUG /D _CONSOLE /D _LIB /D _UNICODE /D UNICODE /Gm /EHsc /RTC1 /MDd /GS /fp:precise /Zc:wchar_t /Zc:forScope /Fo"Debug\\" /Fd"Debug\vc120.pdb" /Gd /TP /analyze- /errorReport:prompt Prac3_Image_rotation_C++.cpp
         Prac3_Image_rotation_C++.cpp
     1>d:\opencl\practice\prac3_image_rotation_c++\prac3_image_rotation_c++.cpp(17): warning C4305: '초기화 중' : 'double'에서 'float'(으)로 잘립니다.
       Link:
         C:\Program Files (x86)\Microsoft Visual Studio 12.0\VC\bin\link.exe /ERRORREPORT:PROMPT /OUT:"D:\OpenCL\Practice\Prac3_Image_rotation_C++\Debug\Prac3_Image_rotation_C++.exe" /INCREMENTAL /NOLOGO /LIBPATH:"C:\Program Files (x86)\AMD APP SDK\2.9-1\lib\x86_64" OpenCL.lib kernel32.lib user32.lib gdi32.lib winspool.lib comdlg32.lib advapi32.lib shell32.lib ole32.lib oleaut32.lib uuid.lib odbc32.lib odbccp32.lib /MANIFEST /MANIFESTUAC:"level='asInvoker' uiAccess='false'" /manifest:embed /DEBUG /PDB:"D:\OpenCL\Practice\Prac3_Image_rotation_C++\Debug\Prac3_Image_rotation_C++.pdb" /SUBSYSTEM:CONSOLE /TLBID:1 /DYNAMICBASE /NXCOMPAT /IMPLIB:"D:\OpenCL\Practice\Prac3_Image_rotation_C++\Debug\Prac3_Image_rotation_C++.lib" /MACHINE:X86 Debug\Prac3_Image_rotation_C++.obj
     1>Prac3_Image_rotation_C++.obj : error LNK2019: _clGetPlatformIDs@12 외부 기호(참조 위치: "public: static class cl::Platform __cdecl cl::Platform::get(int *)" (?get@Platform@cl@@SA?AV12@PAH@Z) 함수)에서 확인하지 못했습니다.
     1>Prac3_Image_rotation_C++.obj : error LNK2019: _clGetPlatformInfo@20 외부 기호(참조 위치: "unsigned int __cdecl cl::detail::getPlatformVersion(struct _cl_platform_id *)" (?getPlatformVersion@detail@cl@@YAIPAU_cl_platform_id@@@Z) 함수)에서 확인하지 못했습니다.
     1>Prac3_Image_rotation_C++.obj : error LNK2019: _clGetDeviceInfo@20 외부 기호(참조 위치: "unsigned int __cdecl cl::detail::getDevicePlatformVersion(struct _cl_device_id *)" (?getDevicePlatformVersion@detail@cl@@YAIPAU_cl_device_id@@@Z) 함수)에서 확인하지 못했습니다.
     1>Prac3_Image_rotation_C++.obj : error LNK2019: _clRetainDevice@4 외부 기호(참조 위치: "public: static int __cdecl cl::detail::ReferenceHandler<struct _cl_device_id *>::retain(struct _cl_device_id *)" (?retain@?$ReferenceHandler@PAU_cl_device_id@@@detail@cl@@SAHPAU_cl_device_id@@@Z) 함수)에서 확인하지 못했습니다.
     1>Prac3_Image_rotation_C++.obj : error LNK2019: _clReleaseDevice@4 외부 기호(참조 위치: "public: static int __cdecl cl::detail::ReferenceHandler<struct _cl_device_id *>::release(struct _cl_device_id *)" (?release@?$ReferenceHandler@PAU_cl_device_id@@@detail@cl@@SAHPAU_cl_device_id@@@Z) 함수)에서 확인하지 못했습니다.
     1>Prac3_Image_rotation_C++.obj : error LNK2019: _clCreateContextFromType@24 외부 기호(참조 위치: "public: __thiscall cl::Context::Context(unsigned __int64,int *,void (__stdcall*)(char const *,void const *,unsigned int,void *),void *,int *)" (??0Context@cl@@QAE@_KPAHP6GXPBDPBXIPAX@Z41@Z) 함수)에서 확인하지 못했습니다.
     1>Prac3_Image_rotation_C++.obj : error LNK2019: _clReleaseContext@4 외부 기호(참조 위치: "public: static int __cdecl cl::detail::ReferenceHandler<struct _cl_context *>::release(struct _cl_context *)" (?release@?$ReferenceHandler@PAU_cl_context@@@detail@cl@@SAHPAU_cl_context@@@Z) 함수)에서 확인하지 못했습니다.
     1>Prac3_Image_rotation_C++.obj : error LNK2019: _clGetContextInfo@20 외부 기호(참조 위치: "public: int __thiscall cl::Context::getInfo<class std::vector<class cl::Device,class std::allocator<class cl::Device> > >(unsigned int,class std::vector<class cl::Device,class std::allocator<class cl::Device> > *)const " (??$getInfo@V?$vector@VDevice@cl@@V?$allocator@VDevice@cl@@@std@@@std@@@Context@cl@@QBEHIPAV?$vector@VDevice@cl@@V?$allocator@VDevice@cl@@@std@@@std@@@Z) 함수)에서 확인하지 못했습니다.
     1>Prac3_Image_rotation_C++.obj : error LNK2019: _clCreateCommandQueue@20 외부 기호(참조 위치: "public: __thiscall cl::CommandQueue::CommandQueue(class cl::Context const &,class cl::Device const &,unsigned __int64,int *)" (??0CommandQueue@cl@@QAE@ABVContext@1@ABVDevice@1@_KPAH@Z) 함수)에서 확인하지 못했습니다.
     1>Prac3_Image_rotation_C++.obj : error LNK2019: _clReleaseCommandQueue@4 외부 기호(참조 위치: "public: static int __cdecl cl::detail::ReferenceHandler<struct _cl_command_queue *>::release(struct _cl_command_queue *)" (?release@?$ReferenceHandler@PAU_cl_command_queue@@@detail@cl@@SAHPAU_cl_command_queue@@@Z) 함수)에서 확인하지 못했습니다.
     1>Prac3_Image_rotation_C++.obj : error LNK2019: _clCreateBuffer@24 외부 기호(참조 위치: "public: __thiscall cl::Buffer::Buffer(class cl::Context const &,unsigned __int64,unsigned int,void *,int *)" (??0Buffer@cl@@QAE@ABVContext@1@_KIPAXPAH@Z) 함수)에서 확인하지 못했습니다.
     1>Prac3_Image_rotation_C++.obj : error LNK2019: _clRetainMemObject@4 외부 기호(참조 위치: "public: static int __cdecl cl::detail::ReferenceHandler<struct _cl_mem *>::retain(struct _cl_mem *)" (?retain@?$ReferenceHandler@PAU_cl_mem@@@detail@cl@@SAHPAU_cl_mem@@@Z) 함수)에서 확인하지 못했습니다.
     1>Prac3_Image_rotation_C++.obj : error LNK2019: _clReleaseMemObject@4 외부 기호(참조 위치: "public: static int __cdecl cl::detail::ReferenceHandler<struct _cl_mem *>::release(struct _cl_mem *)" (?release@?$ReferenceHandler@PAU_cl_mem@@@detail@cl@@SAHPAU_cl_mem@@@Z) 함수)에서 확인하지 못했습니다.
     1>Prac3_Image_rotation_C++.obj : error LNK2019: _clCreateProgramWithSource@20 외부 기호(참조 위치: "public: __thiscall cl::Program::Program(class cl::Context const &,class std::vector<struct std::pair<char const *,unsigned int>,class std::allocator<struct std::pair<char const *,unsigned int> > > const &,int *)" (??0Program@cl@@QAE@ABVContext@1@ABV?$vector@U?$pair@PBDI@std@@V?$allocator@U?$pair@PBDI@std@@@2@@std@@PAH@Z) 함수)에서 확인하지 못했습니다.
     1>Prac3_Image_rotation_C++.obj : error LNK2019: _clReleaseProgram@4 외부 기호(참조 위치: "public: static int __cdecl cl::detail::ReferenceHandler<struct _cl_program *>::release(struct _cl_program *)" (?release@?$ReferenceHandler@PAU_cl_program@@@detail@cl@@SAHPAU_cl_program@@@Z) 함수)에서 확인하지 못했습니다.
     1>Prac3_Image_rotation_C++.obj : error LNK2019: _clBuildProgram@24 외부 기호(참조 위치: "public: int __thiscall cl::Program::build(class std::vector<class cl::Device,class std::allocator<class cl::Device> > const &,char const *,void (__stdcall*)(struct _cl_program *,void *),void *)const " (?build@Program@cl@@QBEHABV?$vector@VDevice@cl@@V?$allocator@VDevice@cl@@@std@@@std@@PBDP6GXPAU_cl_program@@PAX@Z3@Z) 함수)에서 확인하지 못했습니다.
     1>Prac3_Image_rotation_C++.obj : error LNK2019: _clCreateKernel@12 외부 기호(참조 위치: "public: __thiscall cl::Kernel::Kernel(class cl::Program const &,char const *,int *)" (??0Kernel@cl@@QAE@ABVProgram@1@PBDPAH@Z) 함수)에서 확인하지 못했습니다.
     1>Prac3_Image_rotation_C++.obj : error LNK2019: _clReleaseKernel@4 외부 기호(참조 위치: "public: static int __cdecl cl::detail::ReferenceHandler<struct _cl_kernel *>::release(struct _cl_kernel *)" (?release@?$ReferenceHandler@PAU_cl_kernel@@@detail@cl@@SAHPAU_cl_kernel@@@Z) 함수)에서 확인하지 못했습니다.
     1>Prac3_Image_rotation_C++.obj : error LNK2019: _clSetKernelArg@16 외부 기호(참조 위치: "public: int __thiscall cl::Kernel::setArg<int>(unsigned int,int)" (??$setArg@H@Kernel@cl@@QAEHIH@Z) 함수)에서 확인하지 못했습니다.
     1>Prac3_Image_rotation_C++.obj : error LNK2019: _clReleaseEvent@4 외부 기호(참조 위치: "public: static int __cdecl cl::detail::ReferenceHandler<struct _cl_event *>::release(struct _cl_event *)" (?release@?$ReferenceHandler@PAU_cl_event@@@detail@cl@@SAHPAU_cl_event@@@Z) 함수)에서 확인하지 못했습니다.
     1>Prac3_Image_rotation_C++.obj : error LNK2019: _clEnqueueReadBuffer@36 외부 기호(참조 위치: "public: int __thiscall cl::CommandQueue::enqueueReadBuffer(class cl::Buffer const &,unsigned int,unsigned int,unsigned int,void *,class std::vector<class cl::Event,class std::allocator<class cl::Event> > const *,class cl::Event *)const " (?enqueueReadBuffer@CommandQueue@cl@@QBEHABVBuffer@2@IIIPAXPBV?$vector@VEvent@cl@@V?$allocator@VEvent@cl@@@std@@@std@@PAVEvent@2@@Z) 함수)에서 확인하지 못했습니다.
     1>Prac3_Image_rotation_C++.obj : error LNK2019: _clEnqueueWriteBuffer@36 외부 기호(참조 위치: "public: int __thiscall cl::CommandQueue::enqueueWriteBuffer(class cl::Buffer const &,unsigned int,unsigned int,unsigned int,void const *,class std::vector<class cl::Event,class std::allocator<class cl::Event> > const *,class cl::Event *)const " (?enqueueWriteBuffer@CommandQueue@cl@@QBEHABVBuffer@2@IIIPBXPBV?$vector@VEvent@cl@@V?$allocator@VEvent@cl@@@std@@@std@@PAVEvent@2@@Z) 함수)에서 확인하지 못했습니다.
     1>Prac3_Image_rotation_C++.obj : error LNK2019: _clEnqueueNDRangeKernel@36 외부 기호(참조 위치: "public: int __thiscall cl::CommandQueue::enqueueNDRangeKernel(class cl::Kernel const &,class cl::NDRange const &,class cl::NDRange const &,class cl::NDRange const &,class std::vector<class cl::Event,class std::allocator<class cl::Event> > const *,class cl::Event *)const " (?enqueueNDRangeKernel@CommandQueue@cl@@QBEHABVKernel@2@ABVNDRange@2@11PBV?$vector@VEvent@cl@@V?$allocator@VEvent@cl@@@std@@@std@@PAVEvent@2@@Z) 함수)에서 확인하지 못했습니다.
     1>Prac3_Image_rotation_C++.obj : error LNK2019: "float * __cdecl readImage(char const *,int *,int *)" (?readImage@@YAPAMPBDPAH1@Z) 외부 기호(참조 위치: _main 함수)에서 확인하지 못했습니다.
     1>Prac3_Image_rotation_C++.obj : error LNK2019: "void __cdecl storeImage(float *,char const *,int,int,char const *)" (?storeImage@@YAXPAMPBDHH1@Z) 외부 기호(참조 위치: _main 함수)에서 확인하지 못했습니다.
     1>D:\OpenCL\Practice\Prac3_Image_rotation_C++\Debug\Prac3_Image_rotation_C++.exe : fatal error LNK1120: 25개의 확인할 수 없는 외부 참조입니다.
     1>"D:\OpenCL\Practice\Prac3_Image_rotation_C++\Prac3_Image_rotation_C++.vcxproj" 프로젝트를 빌드했습니다(Build 대상). - 실패

빌드하지 못했습니다.

경과 시간: 00:00:01.26
